

================================================================
== Vitis HLS Report for 'findCorner_Pipeline_VITIS_LOOP_452_9'
================================================================
* Date:           Sun Nov 13 19:18:36 2022

* Version:        2022.1 (Build 3526262 on Mon Apr 18 15:48:16 MDT 2022)
* Project:        hls_harris_prj
* Solution:       solution1 (Vivado IP Flow Target)
* Product family: zynq
* Target device:  xc7z020-clg400-1


================================================================
== Performance Estimates
================================================================
+ Timing: 
    * Summary: 
    +--------+---------+----------+------------+
    |  Clock |  Target | Estimated| Uncertainty|
    +--------+---------+----------+------------+
    |ap_clk  |  6.00 ns|  3.368 ns|     1.62 ns|
    +--------+---------+----------+------------+

+ Latency: 
    * Summary: 
    +---------+---------+----------+----------+-----+-----+---------+
    |  Latency (cycles) |  Latency (absolute) |  Interval | Pipeline|
    |   min   |   max   |    min   |    max   | min | max |   Type  |
    +---------+---------+----------+----------+-----+-----+---------+
    |       18|       18|  0.108 us|  0.108 us|   18|   18|       no|
    +---------+---------+----------+----------+-----+-----+---------+

    + Detail: 
        * Instance: 
        N/A

        * Loop: 
        +--------------------+---------+---------+----------+-----------+-----------+------+----------+
        |                    |  Latency (cycles) | Iteration|  Initiation Interval  | Trip |          |
        |      Loop Name     |   min   |   max   |  Latency |  achieved |   target  | Count| Pipelined|
        +--------------------+---------+---------+----------+-----------+-----------+------+----------+
        |- VITIS_LOOP_452_9  |       16|       16|         2|          1|          1|    16|       yes|
        +--------------------+---------+---------+----------+-----------+-----------+------+----------+

============================================================
+ Verbose Summary: Synthesis Manager
============================================================
InlineROM: 1
ExposeGlobal: 0
============================================================
+ Verbose Summary: CDFG Model
============================================================
IsTopModel: 0
ResetActiveHigh: 1
IsCombinational: 0
IsDatapathOnly: 0
HasWiredReturn: 1
HasMFsm: 2
HasVarLatency: 1
IsPipeline: 0
IsRtlPipelined: 0
IsInstanceOverlapped: 0
IsDontTouch: 0
HasImplIP: 0
IsGatedGlobalClock: 0

+ Individual pipeline summary: 
  * Pipeline-0: initiation interval (II) = 1, depth = 2


============================================================
+ Verbose Summary: Schedule
============================================================
* Number of FSM states : 2
* Pipeline : 1
  Pipeline-0 : II = 1, D = 2, States = { 1 2 }
* Dataflow Pipeline: 0

* FSM state transitions: 
1 --> 2 
2 --> 

* FSM state operations: 

State 1 <SV = 0> <Delay = 3.36>
ST_1 : Operation 5 [1/1] (0.00ns)   --->   "%m = alloca i32 1"   --->   Operation 5 'alloca' 'm' <Predicate = true> <Delay = 0.00>
ST_1 : Operation 6 [1/1] (0.00ns)   --->   "%specinterface_ln0 = specinterface void @_ssdm_op_SpecInterface, i256 %outStream, void @empty_6, i32 0, i32 0, void @empty_4, i32 0, i32 0, void @empty_4, void @empty_4, void @empty_4, i32 0, i32 0, i32 0, i32 0, void @empty_4, void @empty_4, i32 4294967295, i32 0"   --->   Operation 6 'specinterface' 'specinterface_ln0' <Predicate = true> <Delay = 0.00>
ST_1 : Operation 7 [1/1] (1.58ns)   --->   "%store_ln0 = store i5 0, i5 %m"   --->   Operation 7 'store' 'store_ln0' <Predicate = true> <Delay = 1.58>
ST_1 : Operation 8 [1/1] (0.00ns)   --->   "%br_ln0 = br void %for.inc167.i"   --->   Operation 8 'br' 'br_ln0' <Predicate = true> <Delay = 0.00>
ST_1 : Operation 9 [1/1] (0.00ns)   --->   "%m_1 = load i5 %m" [harris.cpp:452]   --->   Operation 9 'load' 'm_1' <Predicate = true> <Delay = 0.00>
ST_1 : Operation 10 [1/1] (0.00ns)   --->   "%specpipeline_ln0 = specpipeline void @_ssdm_op_SpecPipeline, i32 4294967295, i32 0, i32 1, i32 0, void @p_str"   --->   Operation 10 'specpipeline' 'specpipeline_ln0' <Predicate = true> <Delay = 0.00>
ST_1 : Operation 11 [1/1] (1.36ns)   --->   "%icmp_ln452 = icmp_eq  i5 %m_1, i5 16" [harris.cpp:452]   --->   Operation 11 'icmp' 'icmp_ln452' <Predicate = true> <Delay = 1.36> <CoreInst = "Cmp">   --->   Core 9 'Cmp' <Latency = 0> <II = 1> <Delay = 1.36> <FuncUnit> <Opcode : 'icmp'> <InPorts = 2> <OutPorts = 1>
ST_1 : Operation 12 [1/1] (0.00ns)   --->   "%empty = speclooptripcount i32 @_ssdm_op_SpecLoopTripCount, i64 16, i64 16, i64 16"   --->   Operation 12 'speclooptripcount' 'empty' <Predicate = true> <Delay = 0.00>
ST_1 : Operation 13 [1/1] (1.78ns)   --->   "%m_2 = add i5 %m_1, i5 1" [harris.cpp:452]   --->   Operation 13 'add' 'm_2' <Predicate = true> <Delay = 1.78> <CoreInst = "Adder">   --->   Core 1 'Adder' <Latency = 0> <II = 1> <Delay = 1.78> <FuncUnit> <Opcode : 'add' 'sub'> <InPorts = 2> <OutPorts = 1>
ST_1 : Operation 14 [1/1] (0.00ns)   --->   "%br_ln452 = br i1 %icmp_ln452, void %for.inc167.split.i, void %findCorner.exit.exitStub" [harris.cpp:452]   --->   Operation 14 'br' 'br_ln452' <Predicate = true> <Delay = 0.00>
ST_1 : Operation 15 [1/1] (1.58ns)   --->   "%store_ln452 = store i5 %m_2, i5 %m" [harris.cpp:452]   --->   Operation 15 'store' 'store_ln452' <Predicate = (!icmp_ln452)> <Delay = 1.58>
ST_1 : Operation 19 [1/1] (0.00ns)   --->   "%ret_ln0 = ret"   --->   Operation 19 'ret' 'ret_ln0' <Predicate = (icmp_ln452)> <Delay = 0.00>

State 2 <SV = 1> <Delay = 2.19>
ST_2 : Operation 16 [1/1] (0.00ns)   --->   "%specloopname_ln0 = specloopname void @_ssdm_op_SpecLoopName, void @empty_3" [E:/Xilinx/Vitis_HLS/2022.1/common/technology/autopilot/hls_stream_39.h:0]   --->   Operation 16 'specloopname' 'specloopname_ln0' <Predicate = true> <Delay = 0.00>
ST_2 : Operation 17 [1/1] (2.19ns)   --->   "%write_ln174 = write void @_ssdm_op_Write.ap_fifo.volatile.i256P0A, i256 %outStream, i256 0" [E:/Xilinx/Vitis_HLS/2022.1/common/technology/autopilot/hls_stream_39.h:174]   --->   Operation 17 'write' 'write_ln174' <Predicate = true> <Delay = 2.19> <CoreInst = "FIFO">   --->   Core 78 'FIFO' <Latency = 0> <II = 1> <Delay = 3.70> <Storage> <Opcode : 'read' 'write' 'nbread' 'nbwrite'> <Ports = 0> <Width = 256> <Depth = 16> <FIFO>
ST_2 : Operation 18 [1/1] (0.00ns)   --->   "%br_ln452 = br void %for.inc167.i" [harris.cpp:452]   --->   Operation 18 'br' 'br_ln452' <Predicate = true> <Delay = 0.00>


============================================================
+ Verbose Summary: Binding
============================================================
STG Binding: 
---------------- STG Properties BEGIN ----------------
- Is combinational: 0
- Is one-state seq: 0
- Is datapath-only: 0
- Is pipelined: 0
- Is top level: 0
Port [ Return ] is wired: 1; IO mode=ap_ctrl_hs:ce=0
Port [ outStream]:  wired=1; compound=1; hidden=0; nouse=0; global=1; static=1; extern=0; dir=1; type=3; pingpong=0; private_global=0; IO mode=ap_fifo:ce=0
---------------- STG Properties END ------------------

---------------- Datapath Model BEGIN ----------------

<LifeTime>
<method=bitvector/>
m                 (alloca           ) [ 010]
specinterface_ln0 (specinterface    ) [ 000]
store_ln0         (store            ) [ 000]
br_ln0            (br               ) [ 000]
m_1               (load             ) [ 000]
specpipeline_ln0  (specpipeline     ) [ 000]
icmp_ln452        (icmp             ) [ 010]
empty             (speclooptripcount) [ 000]
m_2               (add              ) [ 000]
br_ln452          (br               ) [ 000]
store_ln452       (store            ) [ 000]
specloopname_ln0  (specloopname     ) [ 000]
write_ln174       (write            ) [ 000]
br_ln452          (br               ) [ 000]
ret_ln0           (ret              ) [ 000]
</LifeTime>

<model>

<comp_list>
<comp id="0" class="1000" name="outStream">
<pin_list>
<pin id="1" dir="1" index="0" bw="1" slack="0"/>
</pin_list>
<bind>
<StgValue><ssdm name="outStream"/></StgValue>
</bind>
</comp>

<comp id="2" class="1001" name="const_2">
<pin_list>
<pin id="3" dir="1" index="0" bw="1" slack="0"/>
</pin_list>
<bind>
<StgValue><ssdm name=""/></StgValue>
</bind>
</comp>

<comp id="4" class="1001" name="const_4">
<pin_list>
<pin id="5" dir="1" index="0" bw="1" slack="2147483647"/>
</pin_list>
<bind>
<StgValue><ssdm name="_ssdm_op_SpecInterface"/></StgValue>
</bind>
</comp>

<comp id="6" class="1001" name="const_6">
<pin_list>
<pin id="7" dir="1" index="0" bw="1" slack="2147483647"/>
</pin_list>
<bind>
<StgValue><ssdm name="empty_6"/></StgValue>
</bind>
</comp>

<comp id="8" class="1001" name="const_8">
<pin_list>
<pin id="9" dir="1" index="0" bw="1" slack="2147483647"/>
</pin_list>
<bind>
<StgValue><ssdm name=""/></StgValue>
</bind>
</comp>

<comp id="10" class="1001" name="const_10">
<pin_list>
<pin id="11" dir="1" index="0" bw="1" slack="2147483647"/>
</pin_list>
<bind>
<StgValue><ssdm name="empty_4"/></StgValue>
</bind>
</comp>

<comp id="12" class="1001" name="const_12">
<pin_list>
<pin id="13" dir="1" index="0" bw="1" slack="2147483647"/>
</pin_list>
<bind>
<StgValue><ssdm name=""/></StgValue>
</bind>
</comp>

<comp id="14" class="1001" name="const_14">
<pin_list>
<pin id="15" dir="1" index="0" bw="1" slack="0"/>
</pin_list>
<bind>
<StgValue><ssdm name=""/></StgValue>
</bind>
</comp>

<comp id="16" class="1001" name="const_16">
<pin_list>
<pin id="17" dir="1" index="0" bw="1" slack="2147483647"/>
</pin_list>
<bind>
<StgValue><ssdm name="_ssdm_op_SpecPipeline"/></StgValue>
</bind>
</comp>

<comp id="18" class="1001" name="const_18">
<pin_list>
<pin id="19" dir="1" index="0" bw="1" slack="2147483647"/>
</pin_list>
<bind>
<StgValue><ssdm name="p_str"/></StgValue>
</bind>
</comp>

<comp id="20" class="1001" name="const_20">
<pin_list>
<pin id="21" dir="1" index="0" bw="1" slack="0"/>
</pin_list>
<bind>
<StgValue><ssdm name=""/></StgValue>
</bind>
</comp>

<comp id="22" class="1001" name="const_22">
<pin_list>
<pin id="23" dir="1" index="0" bw="1" slack="2147483647"/>
</pin_list>
<bind>
<StgValue><ssdm name="_ssdm_op_SpecLoopTripCount"/></StgValue>
</bind>
</comp>

<comp id="24" class="1001" name="const_24">
<pin_list>
<pin id="25" dir="1" index="0" bw="1" slack="2147483647"/>
</pin_list>
<bind>
<StgValue><ssdm name=""/></StgValue>
</bind>
</comp>

<comp id="26" class="1001" name="const_26">
<pin_list>
<pin id="27" dir="1" index="0" bw="1" slack="0"/>
</pin_list>
<bind>
<StgValue><ssdm name=""/></StgValue>
</bind>
</comp>

<comp id="28" class="1001" name="const_28">
<pin_list>
<pin id="29" dir="1" index="0" bw="1" slack="2147483647"/>
</pin_list>
<bind>
<StgValue><ssdm name="_ssdm_op_SpecLoopName"/></StgValue>
</bind>
</comp>

<comp id="30" class="1001" name="const_30">
<pin_list>
<pin id="31" dir="1" index="0" bw="1" slack="2147483647"/>
</pin_list>
<bind>
<StgValue><ssdm name="empty_3"/></StgValue>
</bind>
</comp>

<comp id="32" class="1001" name="const_32">
<pin_list>
<pin id="33" dir="1" index="0" bw="1" slack="0"/>
</pin_list>
<bind>
<StgValue><ssdm name="_ssdm_op_Write.ap_fifo.volatile.i256P0A"/></StgValue>
</bind>
</comp>

<comp id="34" class="1001" name="const_34">
<pin_list>
<pin id="35" dir="1" index="0" bw="1" slack="0"/>
</pin_list>
<bind>
<StgValue><ssdm name=""/></StgValue>
</bind>
</comp>

<comp id="36" class="1004" name="m_fu_36">
<pin_list>
<pin id="37" dir="0" index="0" bw="1" slack="0"/>
<pin id="38" dir="1" index="1" bw="5" slack="0"/>
</pin_list>
<bind>
<opcode="alloca(26) " fcode="alloca"/>
<opset="m/1 "/>
</bind>
</comp>

<comp id="40" class="1004" name="write_ln174_write_fu_40">
<pin_list>
<pin id="41" dir="0" index="0" bw="0" slack="0"/>
<pin id="42" dir="0" index="1" bw="256" slack="0"/>
<pin id="43" dir="0" index="2" bw="1" slack="0"/>
<pin id="44" dir="1" index="3" bw="0" slack="2147483647"/>
</pin_list>
<bind>
<opcode="write(1151) " fcode="write"/>
<opset="write_ln174/2 "/>
</bind>
</comp>

<comp id="48" class="1004" name="store_ln0_store_fu_48">
<pin_list>
<pin id="49" dir="0" index="0" bw="1" slack="0"/>
<pin id="50" dir="0" index="1" bw="5" slack="0"/>
<pin id="51" dir="1" index="2" bw="0" slack="2147483647"/>
</pin_list>
<bind>
<opcode="store(28) " fcode="store"/>
<opset="store_ln0/1 "/>
</bind>
</comp>

<comp id="53" class="1004" name="m_1_load_fu_53">
<pin_list>
<pin id="54" dir="0" index="0" bw="5" slack="0"/>
<pin id="55" dir="1" index="1" bw="5" slack="0"/>
</pin_list>
<bind>
<opcode="load(27) " fcode="load"/>
<opset="m_1/1 "/>
</bind>
</comp>

<comp id="56" class="1004" name="icmp_ln452_fu_56">
<pin_list>
<pin id="57" dir="0" index="0" bw="5" slack="0"/>
<pin id="58" dir="0" index="1" bw="5" slack="0"/>
<pin id="59" dir="1" index="2" bw="1" slack="2147483647"/>
</pin_list>
<bind>
<opcode="icmp(45) " fcode="icmp"/>
<opset="icmp_ln452/1 "/>
</bind>
</comp>

<comp id="62" class="1004" name="m_2_fu_62">
<pin_list>
<pin id="63" dir="0" index="0" bw="5" slack="0"/>
<pin id="64" dir="0" index="1" bw="1" slack="0"/>
<pin id="65" dir="1" index="2" bw="5" slack="0"/>
</pin_list>
<bind>
<opcode="add(8) " fcode="add"/>
<opset="m_2/1 "/>
</bind>
</comp>

<comp id="68" class="1004" name="store_ln452_store_fu_68">
<pin_list>
<pin id="69" dir="0" index="0" bw="5" slack="0"/>
<pin id="70" dir="0" index="1" bw="5" slack="0"/>
<pin id="71" dir="1" index="2" bw="0" slack="2147483647"/>
</pin_list>
<bind>
<opcode="store(28) " fcode="store"/>
<opset="store_ln452/1 "/>
</bind>
</comp>

<comp id="73" class="1005" name="m_reg_73">
<pin_list>
<pin id="74" dir="0" index="0" bw="5" slack="0"/>
<pin id="75" dir="1" index="1" bw="5" slack="0"/>
</pin_list>
<bind>
<opset="m "/>
</bind>
</comp>

</comp_list>

<net_list>
<net id="39"><net_src comp="2" pin="0"/><net_sink comp="36" pin=0"/></net>

<net id="45"><net_src comp="32" pin="0"/><net_sink comp="40" pin=0"/></net>

<net id="46"><net_src comp="0" pin="0"/><net_sink comp="40" pin=1"/></net>

<net id="47"><net_src comp="34" pin="0"/><net_sink comp="40" pin=2"/></net>

<net id="52"><net_src comp="14" pin="0"/><net_sink comp="48" pin=0"/></net>

<net id="60"><net_src comp="53" pin="1"/><net_sink comp="56" pin=0"/></net>

<net id="61"><net_src comp="20" pin="0"/><net_sink comp="56" pin=1"/></net>

<net id="66"><net_src comp="53" pin="1"/><net_sink comp="62" pin=0"/></net>

<net id="67"><net_src comp="26" pin="0"/><net_sink comp="62" pin=1"/></net>

<net id="72"><net_src comp="62" pin="2"/><net_sink comp="68" pin=0"/></net>

<net id="76"><net_src comp="36" pin="1"/><net_sink comp="73" pin=0"/></net>

<net id="77"><net_src comp="73" pin="1"/><net_sink comp="48" pin=1"/></net>

<net id="78"><net_src comp="73" pin="1"/><net_sink comp="53" pin=0"/></net>

<net id="79"><net_src comp="73" pin="1"/><net_sink comp="68" pin=1"/></net>

</net_list>

</model> 
---------------- Datapath Model END ------------------

* FSMD analyzer results:
  - Output states:
	Port: outStream | {2 }
 - Input state : 
  - Chain level:
	State 1
		store_ln0 : 1
		m_1 : 1
		icmp_ln452 : 2
		m_2 : 2
		br_ln452 : 3
		store_ln452 : 3
	State 2


============================================================
+ Verbose Summary: Datapath Resource usage 
============================================================

* Functional unit list:
|----------|-------------------------|---------|---------|
| Operation|     Functional Unit     |    FF   |   LUT   |
|----------|-------------------------|---------|---------|
|    add   |        m_2_fu_62        |    0    |    13   |
|----------|-------------------------|---------|---------|
|   icmp   |     icmp_ln452_fu_56    |    0    |    9    |
|----------|-------------------------|---------|---------|
|   write  | write_ln174_write_fu_40 |    0    |    0    |
|----------|-------------------------|---------|---------|
|   Total  |                         |    0    |    22   |
|----------|-------------------------|---------|---------|

Memories:
N/A

* Register list:
+--------+--------+
|        |   FF   |
+--------+--------+
|m_reg_73|    5   |
+--------+--------+
|  Total |    5   |
+--------+--------+

* Multiplexer (MUX) list: 
|--------|------|------|------|--------|
|  Comp  |  Pin | Size |  BW  | S x BW |
|--------|------|------|------|--------|
|  Total |      |      |      |    0   |
|--------|------|------|------|--------|



* Summary:
+-----------+--------+--------+
|           |   FF   |   LUT  |
+-----------+--------+--------+
|  Function |    0   |   22   |
|   Memory  |    -   |    -   |
|Multiplexer|    -   |    -   |
|  Register |    5   |    -   |
+-----------+--------+--------+
|   Total   |    5   |   22   |
+-----------+--------+--------+
