

================================================================
== Vitis HLS Report for 'read_input'
================================================================
* Date:           Sun Nov 13 19:18:38 2022

* Version:        2022.1 (Build 3526262 on Mon Apr 18 15:48:16 MDT 2022)
* Project:        hls_harris_prj
* Solution:       solution1 (Vivado IP Flow Target)
* Product family: zynq
* Target device:  xc7z020-clg400-1


================================================================
== Performance Estimates
================================================================
+ Timing: 
    * Summary: 
    +--------+---------+----------+------------+
    |  Clock |  Target | Estimated| Uncertainty|
    +--------+---------+----------+------------+
    |ap_clk  |  6.00 ns|  3.532 ns|     1.62 ns|
    +--------+---------+----------+------------+

+ Latency: 
    * Summary: 
    +---------+---------+-----------+-----------+------+------+---------+
    |  Latency (cycles) |   Latency (absolute)  |   Interval  | Pipeline|
    |   min   |   max   |    min    |    max    |  min |  max |   Type  |
    +---------+---------+-----------+-----------+------+------+---------+
    |     2051|     2051|  12.306 us|  12.306 us|  2051|  2051|       no|
    +---------+---------+-----------+-----------+------+------+---------+

    + Detail: 
        * Instance: 
        N/A

        * Loop: 
        +----------+---------+---------+----------+-----------+-----------+------+----------+
        |          |  Latency (cycles) | Iteration|  Initiation Interval  | Trip |          |
        | Loop Name|   min   |   max   |  Latency |  achieved |   target  | Count| Pipelined|
        +----------+---------+---------+----------+-----------+-----------+------+----------+
        |- mem_rd  |     2049|     2049|         3|          1|          1|  2048|       yes|
        +----------+---------+---------+----------+-----------+-----------+------+----------+



================================================================
== Utilization Estimates
================================================================
* Summary: 
+-----------------+---------+-----+--------+-------+-----+
|       Name      | BRAM_18K| DSP |   FF   |  LUT  | URAM|
+-----------------+---------+-----+--------+-------+-----+
|DSP              |        -|    -|       -|      -|    -|
|Expression       |        -|    -|       0|     26|    -|
|FIFO             |        -|    -|       -|      -|    -|
|Instance         |        -|    -|       -|      -|    -|
|Memory           |        -|    -|       -|      -|    -|
|Multiplexer      |        -|    -|       -|     54|    -|
|Register         |        -|    -|     277|      -|    -|
+-----------------+---------+-----+--------+-------+-----+
|Total            |        0|    0|     277|     80|    0|
+-----------------+---------+-----+--------+-------+-----+
|Available        |      280|  220|  106400|  53200|    0|
+-----------------+---------+-----+--------+-------+-----+
|Utilization (%)  |        0|    0|      ~0|     ~0|    0|
+-----------------+---------+-----+--------+-------+-----+

+ Detail: 
    * Instance: 
    N/A

    * DSP: 
    N/A

    * Memory: 
    N/A

    * FIFO: 
    N/A

    * Expression: 
    +---------------------------+----------+----+---+----+------------+------------+
    |       Variable Name       | Operation| DSP| FF| LUT| Bitwidth P0| Bitwidth P1|
    +---------------------------+----------+----+---+----+------------+------------+
    |add_ln10_fu_105_p2         |         +|   0|  0|  20|          15|           4|
    |ap_condition_112           |       and|   0|  0|   2|           1|           1|
    |ap_block_pp0_stage0_01001  |        or|   0|  0|   2|           1|           1|
    |ap_enable_pp0              |       xor|   0|  0|   2|           1|           2|
    +---------------------------+----------+----+---+----+------------+------------+
    |Total                      |          |   0|  0|  26|          18|           8|
    +---------------------------+----------+----+---+----+------------+------------+

    * Multiplexer: 
    +-------------------------+----+-----------+-----+-----------+
    |           Name          | LUT| Input Size| Bits| Total Bits|
    +-------------------------+----+-----------+-----+-----------+
    |ap_done_int              |   9|          2|    1|          2|
    |ap_enable_reg_pp0_iter1  |   9|          2|    1|          2|
    |ap_sig_allocacmp_i_2     |   9|          2|   15|         30|
    |i_fu_50                  |   9|          2|   15|         30|
    |inStream_blk_n           |   9|          2|    1|          2|
    |real_start               |   9|          2|    1|          2|
    +-------------------------+----+-----------+-----+-----------+
    |Total                    |  54|         12|   34|         68|
    +-------------------------+----+-----------+-----+-----------+

    * Register: 
    +----------------------------------+-----+----+-----+-----------+
    |               Name               |  FF | LUT| Bits| Const Bits|
    +----------------------------------+-----+----+-----+-----------+
    |ap_CS_fsm                         |    1|   0|    1|          0|
    |ap_done_reg                       |    1|   0|    1|          0|
    |ap_enable_reg_pp0_iter1           |    1|   0|    1|          0|
    |ap_enable_reg_pp0_iter2           |    1|   0|    1|          0|
    |ap_loop_exit_ready_pp0_iter1_reg  |    1|   0|    1|          0|
    |i_fu_50                           |   15|   0|   15|          0|
    |imgSrc_load_reg_132               |  256|   0|  256|          0|
    |start_once_reg                    |    1|   0|    1|          0|
    +----------------------------------+-----+----+-----+-----------+
    |Total                             |  277|   0|  277|          0|
    +----------------------------------+-----+----+-----+-----------+



================================================================
== Interface
================================================================
* Summary: 
+-------------------------+-----+-----+---------------+--------------+--------------+
|        RTL Ports        | Dir | Bits|    Protocol   | Source Object|    C Type    |
+-------------------------+-----+-----+---------------+--------------+--------------+
|ap_clk                   |   in|    1|  ap_ctrl_chain|    read_input|  return value|
|ap_rst                   |   in|    1|  ap_ctrl_chain|    read_input|  return value|
|ap_start                 |   in|    1|  ap_ctrl_chain|    read_input|  return value|
|start_full_n             |   in|    1|  ap_ctrl_chain|    read_input|  return value|
|ap_done                  |  out|    1|  ap_ctrl_chain|    read_input|  return value|
|ap_continue              |   in|    1|  ap_ctrl_chain|    read_input|  return value|
|ap_idle                  |  out|    1|  ap_ctrl_chain|    read_input|  return value|
|ap_ready                 |  out|    1|  ap_ctrl_chain|    read_input|  return value|
|start_out                |  out|    1|  ap_ctrl_chain|    read_input|  return value|
|start_write              |  out|    1|  ap_ctrl_chain|    read_input|  return value|
|inStream_din             |  out|  256|        ap_fifo|      inStream|       pointer|
|inStream_num_data_valid  |   in|    5|        ap_fifo|      inStream|       pointer|
|inStream_fifo_cap        |   in|    5|        ap_fifo|      inStream|       pointer|
|inStream_full_n          |   in|    1|        ap_fifo|      inStream|       pointer|
|inStream_write           |  out|    1|        ap_fifo|      inStream|       pointer|
|imgSrc_address0          |  out|   11|      ap_memory|        imgSrc|         array|
|imgSrc_ce0               |  out|    1|      ap_memory|        imgSrc|         array|
|imgSrc_q0                |   in|  256|      ap_memory|        imgSrc|         array|
+-------------------------+-----+-----+---------------+--------------+--------------+

============================================================
+ Verbose Summary: Synthesis Manager
============================================================
InlineROM: 1
ExposeGlobal: 0
============================================================
+ Verbose Summary: CDFG Model
============================================================
IsTopModel: 0
ResetActiveHigh: 1
IsCombinational: 2
IsDatapathOnly: 0
HasWiredReturn: 1
HasMFsm: 2
HasVarLatency: 1
IsPipeline: 0
IsRtlPipelined: 0
IsInstanceOverlapped: 0
IsDontTouch: 0
HasImplIP: 0
IsGatedGlobalClock: 0

+ Individual pipeline summary: 
  * Pipeline-0: initiation interval (II) = 1, depth = 3


============================================================
+ Verbose Summary: Schedule
============================================================
* Number of FSM states : 3
* Pipeline : 1
  Pipeline-0 : II = 1, D = 3, States = { 1 2 3 }
* Dataflow Pipeline: 0

* FSM state transitions: 
1 --> 2 
2 --> 3 
3 --> 

* FSM state operations: 

State 1 <SV = 0> <Delay = 3.53>
ST_1 : Operation 6 [1/1] (0.00ns)   --->   "%i = alloca i32 1"   --->   Operation 6 'alloca' 'i' <Predicate = true> <Delay = 0.00>
ST_1 : Operation 7 [1/1] (0.00ns)   --->   "%specinterface_ln0 = specinterface void @_ssdm_op_SpecInterface, i256 %inStream, void @empty_6, i32 0, i32 0, void @empty_4, i32 0, i32 0, void @empty_4, void @empty_4, void @empty_4, i32 0, i32 0, i32 0, i32 0, void @empty_4, void @empty_4, i32 4294967295, i32 0"   --->   Operation 7 'specinterface' 'specinterface_ln0' <Predicate = true> <Delay = 0.00>
ST_1 : Operation 8 [1/1] (0.00ns)   --->   "%specinterface_ln0 = specinterface void @_ssdm_op_SpecInterface, i256 %inStream, void @empty_6, i32 0, i32 0, void @empty_4, i32 0, i32 0, void @empty_4, void @empty_4, void @empty_4, i32 0, i32 0, i32 0, i32 0, void @empty_4, void @empty_4, i32 4294967295, i32 0"   --->   Operation 8 'specinterface' 'specinterface_ln0' <Predicate = true> <Delay = 0.00>
ST_1 : Operation 9 [1/1] (0.00ns)   --->   "%specinterface_ln0 = specinterface void @_ssdm_op_SpecInterface, i256 %inStream, void @empty_6, i32 0, i32 0, void @empty_4, i32 0, i32 0, void @empty_4, void @empty_4, void @empty_4, i32 0, i32 0, i32 0, i32 0, void @empty_4, void @empty_4, i32 4294967295, i32 0"   --->   Operation 9 'specinterface' 'specinterface_ln0' <Predicate = true> <Delay = 0.00>
ST_1 : Operation 10 [1/1] (0.00ns)   --->   "%specinterface_ln0 = specinterface void @_ssdm_op_SpecInterface, i256 %inStream, void @empty_6, i32 0, i32 0, void @empty_4, i32 0, i32 0, void @empty_4, void @empty_4, void @empty_4, i32 0, i32 0, i32 0, i32 0, void @empty_4, void @empty_4, i32 4294967295, i32 0"   --->   Operation 10 'specinterface' 'specinterface_ln0' <Predicate = true> <Delay = 0.00>
ST_1 : Operation 11 [1/1] (0.00ns)   --->   "%specinterface_ln0 = specinterface void @_ssdm_op_SpecInterface, i256 %imgSrc, void @empty, i32 0, i32 0, void @empty_4, i32 4294967295, i32 0, void @empty_4, void @empty_4, void @empty_4, i32 0, i32 0, i32 0, i32 0, void @empty_4, void @empty_4, i32 4294967295, i32 0"   --->   Operation 11 'specinterface' 'specinterface_ln0' <Predicate = true> <Delay = 0.00>
ST_1 : Operation 12 [1/1] (0.00ns)   --->   "%specinterface_ln6 = specinterface void @_ssdm_op_SpecInterface, i32 0, void @empty_8, i32 0, i32 0, void @empty_4, i32 0, i32 0, void @empty_4, void @empty_4, void @empty_4, i32 0, i32 0, i32 0, i32 0, void @empty_4, void @empty_4, i32 4294967295, i32 0" [harris.cpp:6]   --->   Operation 12 'specinterface' 'specinterface_ln6' <Predicate = true> <Delay = 0.00>
ST_1 : Operation 13 [1/1] (1.58ns)   --->   "%store_ln10 = store i15 0, i15 %i" [harris.cpp:10]   --->   Operation 13 'store' 'store_ln10' <Predicate = true> <Delay = 1.58>
ST_1 : Operation 14 [1/1] (0.00ns)   --->   "%br_ln10 = br void %for.inc.i" [harris.cpp:10]   --->   Operation 14 'br' 'br_ln10' <Predicate = true> <Delay = 0.00>
ST_1 : Operation 15 [1/1] (0.00ns)   --->   "%i_2 = load i15 %i" [harris.cpp:10]   --->   Operation 15 'load' 'i_2' <Predicate = true> <Delay = 0.00>
ST_1 : Operation 16 [1/1] (0.00ns)   --->   "%specpipeline_ln0 = specpipeline void @_ssdm_op_SpecPipeline, i32 4294967295, i32 0, i32 1, i32 0, void @p_str"   --->   Operation 16 'specpipeline' 'specpipeline_ln0' <Predicate = true> <Delay = 0.00>
ST_1 : Operation 17 [1/1] (0.00ns)   --->   "%tmp = bitselect i1 @_ssdm_op_BitSelect.i1.i15.i32, i15 %i_2, i32 14" [harris.cpp:10]   --->   Operation 17 'bitselect' 'tmp' <Predicate = true> <Delay = 0.00>
ST_1 : Operation 18 [1/1] (0.00ns)   --->   "%empty = speclooptripcount i32 @_ssdm_op_SpecLoopTripCount, i64 2048, i64 2048, i64 2048"   --->   Operation 18 'speclooptripcount' 'empty' <Predicate = true> <Delay = 0.00>
ST_1 : Operation 19 [1/1] (0.00ns)   --->   "%br_ln10 = br i1 %tmp, void %for.inc.split.i, void %read_input.exit" [harris.cpp:10]   --->   Operation 19 'br' 'br_ln10' <Predicate = true> <Delay = 0.00>
ST_1 : Operation 20 [1/1] (0.00ns)   --->   "%lshr_ln = partselect i11 @_ssdm_op_PartSelect.i11.i15.i32.i32, i15 %i_2, i32 3, i32 13" [harris.cpp:15]   --->   Operation 20 'partselect' 'lshr_ln' <Predicate = (!tmp)> <Delay = 0.00>
ST_1 : Operation 21 [1/1] (0.00ns)   --->   "%zext_ln15 = zext i11 %lshr_ln" [harris.cpp:15]   --->   Operation 21 'zext' 'zext_ln15' <Predicate = (!tmp)> <Delay = 0.00>
ST_1 : Operation 22 [1/1] (0.00ns)   --->   "%imgSrc_addr = getelementptr i256 %imgSrc, i64 0, i64 %zext_ln15" [harris.cpp:15]   --->   Operation 22 'getelementptr' 'imgSrc_addr' <Predicate = (!tmp)> <Delay = 0.00>
ST_1 : Operation 23 [2/2] (3.25ns)   --->   "%imgSrc_load = load i11 %imgSrc_addr" [harris.cpp:15]   --->   Operation 23 'load' 'imgSrc_load' <Predicate = (!tmp)> <Delay = 3.25> <CoreInst = "RAM">   --->   Core 82 'RAM' <Latency = 1> <II = 1> <Delay = 3.25> <Storage> <Opcode : 'load' 'store'> <Ports = 2> <Width = 256> <Depth = 2048> <RAM>
ST_1 : Operation 24 [1/1] (1.94ns)   --->   "%add_ln10 = add i15 %i_2, i15 8" [harris.cpp:10]   --->   Operation 24 'add' 'add_ln10' <Predicate = (!tmp)> <Delay = 1.94> <CoreInst = "Adder">   --->   Core 1 'Adder' <Latency = 0> <II = 1> <Delay = 1.94> <FuncUnit> <Opcode : 'add' 'sub'> <InPorts = 2> <OutPorts = 1>
ST_1 : Operation 25 [1/1] (1.58ns)   --->   "%store_ln10 = store i15 %add_ln10, i15 %i" [harris.cpp:10]   --->   Operation 25 'store' 'store_ln10' <Predicate = (!tmp)> <Delay = 1.58>

State 2 <SV = 1> <Delay = 3.25>
ST_2 : Operation 26 [1/2] (3.25ns)   --->   "%imgSrc_load = load i11 %imgSrc_addr" [harris.cpp:15]   --->   Operation 26 'load' 'imgSrc_load' <Predicate = true> <Delay = 3.25> <CoreInst = "RAM">   --->   Core 82 'RAM' <Latency = 1> <II = 1> <Delay = 3.25> <Storage> <Opcode : 'load' 'store'> <Ports = 2> <Width = 256> <Depth = 2048> <RAM>
ST_2 : Operation 30 [1/1] (0.00ns)   --->   "%ret_ln0 = ret"   --->   Operation 30 'ret' 'ret_ln0' <Predicate = (tmp)> <Delay = 0.00>

State 3 <SV = 2> <Delay = 2.19>
ST_3 : Operation 27 [1/1] (0.00ns)   --->   "%specloopname_ln10 = specloopname void @_ssdm_op_SpecLoopName, void @empty_12" [harris.cpp:10]   --->   Operation 27 'specloopname' 'specloopname_ln10' <Predicate = true> <Delay = 0.00>
ST_3 : Operation 28 [1/1] (2.19ns)   --->   "%write_ln174 = write void @_ssdm_op_Write.ap_fifo.volatile.i256P0A, i256 %inStream, i256 %imgSrc_load" [E:/Xilinx/Vitis_HLS/2022.1/common/technology/autopilot/hls_stream_39.h:174]   --->   Operation 28 'write' 'write_ln174' <Predicate = true> <Delay = 2.19> <CoreInst = "FIFO">   --->   Core 78 'FIFO' <Latency = 0> <II = 1> <Delay = 3.70> <Storage> <Opcode : 'read' 'write' 'nbread' 'nbwrite'> <Ports = 0> <Width = 256> <Depth = 16> <FIFO>
ST_3 : Operation 29 [1/1] (0.00ns)   --->   "%br_ln10 = br void %for.inc.i" [harris.cpp:10]   --->   Operation 29 'br' 'br_ln10' <Predicate = true> <Delay = 0.00>


============================================================
+ Verbose Summary: Binding
============================================================
STG Binding: 
---------------- STG Properties BEGIN ----------------
- Is combinational: 0
- Is one-state seq: 0
- Is datapath-only: 0
- Is pipelined: 0
- Is top level: 0
Port [ Return ] is wired: 1; IO mode=ap_ctrl_chain:ce=0
Port [ imgSrc]:  wired=1; compound=1; hidden=0; nouse=0; global=0; static=0; extern=0; dir=0; type=1; pingpong=0; private_global=0; MemPort=[13]; IO mode=ap_memory:ce=0
Port [ inStream]:  wired=1; compound=1; hidden=0; nouse=0; global=1; static=1; extern=0; dir=1; type=3; pingpong=0; private_global=0; IO mode=ap_fifo:ce=0
---------------- STG Properties END ------------------

---------------- Datapath Model BEGIN ----------------

<LifeTime>
<method=bitvector/>
i                 (alloca           ) [ 0100]
specinterface_ln0 (specinterface    ) [ 0000]
specinterface_ln0 (specinterface    ) [ 0000]
specinterface_ln0 (specinterface    ) [ 0000]
specinterface_ln0 (specinterface    ) [ 0000]
specinterface_ln0 (specinterface    ) [ 0000]
specinterface_ln6 (specinterface    ) [ 0000]
store_ln10        (store            ) [ 0000]
br_ln10           (br               ) [ 0000]
i_2               (load             ) [ 0000]
specpipeline_ln0  (specpipeline     ) [ 0000]
tmp               (bitselect        ) [ 0110]
empty             (speclooptripcount) [ 0000]
br_ln10           (br               ) [ 0000]
lshr_ln           (partselect       ) [ 0000]
zext_ln15         (zext             ) [ 0000]
imgSrc_addr       (getelementptr    ) [ 0110]
add_ln10          (add              ) [ 0000]
store_ln10        (store            ) [ 0000]
imgSrc_load       (load             ) [ 0101]
specloopname_ln10 (specloopname     ) [ 0000]
write_ln174       (write            ) [ 0000]
br_ln10           (br               ) [ 0000]
ret_ln0           (ret              ) [ 0000]
</LifeTime>

<model>

<comp_list>
<comp id="0" class="1000" name="imgSrc">
<pin_list>
<pin id="1" dir="1" index="0" bw="1" slack="0"/>
</pin_list>
<bind>
<StgValue><ssdm name="imgSrc"/><MemPortTyVec>1 3 </MemPortTyVec>
</StgValue>
</bind>
</comp>

<comp id="2" class="1000" name="inStream">
<pin_list>
<pin id="3" dir="1" index="0" bw="1" slack="0"/>
</pin_list>
<bind>
<StgValue><ssdm name="inStream"/></StgValue>
</bind>
</comp>

<comp id="4" class="1001" name="const_4">
<pin_list>
<pin id="5" dir="1" index="0" bw="1" slack="0"/>
</pin_list>
<bind>
<StgValue><ssdm name=""/></StgValue>
</bind>
</comp>

<comp id="6" class="1001" name="const_6">
<pin_list>
<pin id="7" dir="1" index="0" bw="1" slack="2147483647"/>
</pin_list>
<bind>
<StgValue><ssdm name="_ssdm_op_SpecInterface"/></StgValue>
</bind>
</comp>

<comp id="8" class="1001" name="const_8">
<pin_list>
<pin id="9" dir="1" index="0" bw="1" slack="2147483647"/>
</pin_list>
<bind>
<StgValue><ssdm name="empty_6"/></StgValue>
</bind>
</comp>

<comp id="10" class="1001" name="const_10">
<pin_list>
<pin id="11" dir="1" index="0" bw="1" slack="2147483647"/>
</pin_list>
<bind>
<StgValue><ssdm name=""/></StgValue>
</bind>
</comp>

<comp id="12" class="1001" name="const_12">
<pin_list>
<pin id="13" dir="1" index="0" bw="1" slack="2147483647"/>
</pin_list>
<bind>
<StgValue><ssdm name="empty_4"/></StgValue>
</bind>
</comp>

<comp id="14" class="1001" name="const_14">
<pin_list>
<pin id="15" dir="1" index="0" bw="1" slack="2147483647"/>
</pin_list>
<bind>
<StgValue><ssdm name=""/></StgValue>
</bind>
</comp>

<comp id="16" class="1001" name="const_16">
<pin_list>
<pin id="17" dir="1" index="0" bw="1" slack="2147483647"/>
</pin_list>
<bind>
<StgValue><ssdm name="empty"/></StgValue>
</bind>
</comp>

<comp id="18" class="1001" name="const_18">
<pin_list>
<pin id="19" dir="1" index="0" bw="1" slack="2147483647"/>
</pin_list>
<bind>
<StgValue><ssdm name="empty_8"/></StgValue>
</bind>
</comp>

<comp id="20" class="1001" name="const_20">
<pin_list>
<pin id="21" dir="1" index="0" bw="1" slack="0"/>
</pin_list>
<bind>
<StgValue><ssdm name=""/></StgValue>
</bind>
</comp>

<comp id="22" class="1001" name="const_22">
<pin_list>
<pin id="23" dir="1" index="0" bw="1" slack="2147483647"/>
</pin_list>
<bind>
<StgValue><ssdm name="_ssdm_op_SpecPipeline"/></StgValue>
</bind>
</comp>

<comp id="24" class="1001" name="const_24">
<pin_list>
<pin id="25" dir="1" index="0" bw="1" slack="2147483647"/>
</pin_list>
<bind>
<StgValue><ssdm name="p_str"/></StgValue>
</bind>
</comp>

<comp id="26" class="1001" name="const_26">
<pin_list>
<pin id="27" dir="1" index="0" bw="1" slack="0"/>
</pin_list>
<bind>
<StgValue><ssdm name="_ssdm_op_BitSelect.i1.i15.i32"/></StgValue>
</bind>
</comp>

<comp id="28" class="1001" name="const_28">
<pin_list>
<pin id="29" dir="1" index="0" bw="1" slack="0"/>
</pin_list>
<bind>
<StgValue><ssdm name=""/></StgValue>
</bind>
</comp>

<comp id="30" class="1001" name="const_30">
<pin_list>
<pin id="31" dir="1" index="0" bw="1" slack="2147483647"/>
</pin_list>
<bind>
<StgValue><ssdm name="_ssdm_op_SpecLoopTripCount"/></StgValue>
</bind>
</comp>

<comp id="32" class="1001" name="const_32">
<pin_list>
<pin id="33" dir="1" index="0" bw="1" slack="2147483647"/>
</pin_list>
<bind>
<StgValue><ssdm name=""/></StgValue>
</bind>
</comp>

<comp id="34" class="1001" name="const_34">
<pin_list>
<pin id="35" dir="1" index="0" bw="1" slack="0"/>
</pin_list>
<bind>
<StgValue><ssdm name="_ssdm_op_PartSelect.i11.i15.i32.i32"/></StgValue>
</bind>
</comp>

<comp id="36" class="1001" name="const_36">
<pin_list>
<pin id="37" dir="1" index="0" bw="1" slack="0"/>
</pin_list>
<bind>
<StgValue><ssdm name=""/></StgValue>
</bind>
</comp>

<comp id="38" class="1001" name="const_38">
<pin_list>
<pin id="39" dir="1" index="0" bw="1" slack="0"/>
</pin_list>
<bind>
<StgValue><ssdm name=""/></StgValue>
</bind>
</comp>

<comp id="40" class="1001" name="const_40">
<pin_list>
<pin id="41" dir="1" index="0" bw="1" slack="0"/>
</pin_list>
<bind>
<StgValue><ssdm name=""/></StgValue>
</bind>
</comp>

<comp id="42" class="1001" name="const_42">
<pin_list>
<pin id="43" dir="1" index="0" bw="1" slack="0"/>
</pin_list>
<bind>
<StgValue><ssdm name=""/></StgValue>
</bind>
</comp>

<comp id="44" class="1001" name="const_44">
<pin_list>
<pin id="45" dir="1" index="0" bw="1" slack="2147483647"/>
</pin_list>
<bind>
<StgValue><ssdm name="_ssdm_op_SpecLoopName"/></StgValue>
</bind>
</comp>

<comp id="46" class="1001" name="const_46">
<pin_list>
<pin id="47" dir="1" index="0" bw="1" slack="2147483647"/>
</pin_list>
<bind>
<StgValue><ssdm name="empty_12"/></StgValue>
</bind>
</comp>

<comp id="48" class="1001" name="const_48">
<pin_list>
<pin id="49" dir="1" index="0" bw="1" slack="0"/>
</pin_list>
<bind>
<StgValue><ssdm name="_ssdm_op_Write.ap_fifo.volatile.i256P0A"/></StgValue>
</bind>
</comp>

<comp id="50" class="1004" name="i_fu_50">
<pin_list>
<pin id="51" dir="0" index="0" bw="1" slack="0"/>
<pin id="52" dir="1" index="1" bw="15" slack="0"/>
</pin_list>
<bind>
<opcode="alloca(26) " fcode="alloca"/>
<opset="i/1 "/>
</bind>
</comp>

<comp id="54" class="1004" name="write_ln174_write_fu_54">
<pin_list>
<pin id="55" dir="0" index="0" bw="0" slack="0"/>
<pin id="56" dir="0" index="1" bw="256" slack="0"/>
<pin id="57" dir="0" index="2" bw="256" slack="1"/>
<pin id="58" dir="1" index="3" bw="0" slack="2147483647"/>
</pin_list>
<bind>
<opcode="write(1151) " fcode="write"/>
<opset="write_ln174/3 "/>
</bind>
</comp>

<comp id="61" class="1004" name="imgSrc_addr_gep_fu_61">
<pin_list>
<pin id="62" dir="0" index="0" bw="256" slack="0"/>
<pin id="63" dir="0" index="1" bw="1" slack="0"/>
<pin id="64" dir="0" index="2" bw="11" slack="0"/>
<pin id="65" dir="1" index="3" bw="11" slack="0"/>
</pin_list>
<bind>
<opcode="getelementptr(29) " fcode="getelementptr"/>
<opset="imgSrc_addr/1 "/>
</bind>
</comp>

<comp id="68" class="1004" name="grp_access_fu_68">
<pin_list>
<pin id="69" dir="0" index="0" bw="11" slack="0"/>
<pin id="70" dir="0" index="1" bw="256" slack="2147483647"/>
<pin id="71" dir="0" index="2" bw="0" slack="2147483647"/>
<pin id="72" dir="1" index="3" bw="256" slack="1"/>
</pin_list>
<bind>
<opcode="load(27) " fcode="load"/>
<opset="imgSrc_load/1 "/>
</bind>
</comp>

<comp id="74" class="1004" name="store_ln10_store_fu_74">
<pin_list>
<pin id="75" dir="0" index="0" bw="1" slack="0"/>
<pin id="76" dir="0" index="1" bw="15" slack="0"/>
<pin id="77" dir="1" index="2" bw="0" slack="2147483647"/>
</pin_list>
<bind>
<opcode="store(28) " fcode="store"/>
<opset="store_ln10/1 "/>
</bind>
</comp>

<comp id="79" class="1004" name="i_2_load_fu_79">
<pin_list>
<pin id="80" dir="0" index="0" bw="15" slack="0"/>
<pin id="81" dir="1" index="1" bw="15" slack="0"/>
</pin_list>
<bind>
<opcode="load(27) " fcode="load"/>
<opset="i_2/1 "/>
</bind>
</comp>

<comp id="82" class="1004" name="tmp_fu_82">
<pin_list>
<pin id="83" dir="0" index="0" bw="1" slack="0"/>
<pin id="84" dir="0" index="1" bw="15" slack="0"/>
<pin id="85" dir="0" index="2" bw="5" slack="0"/>
<pin id="86" dir="1" index="3" bw="1" slack="1"/>
</pin_list>
<bind>
<opcode="bitselect(1000) " fcode="bitselect"/>
<opset="tmp/1 "/>
</bind>
</comp>

<comp id="90" class="1004" name="lshr_ln_fu_90">
<pin_list>
<pin id="91" dir="0" index="0" bw="11" slack="0"/>
<pin id="92" dir="0" index="1" bw="15" slack="0"/>
<pin id="93" dir="0" index="2" bw="3" slack="0"/>
<pin id="94" dir="0" index="3" bw="5" slack="0"/>
<pin id="95" dir="1" index="4" bw="11" slack="0"/>
</pin_list>
<bind>
<opcode="partselect(1002) " fcode="partselect"/>
<opset="lshr_ln/1 "/>
</bind>
</comp>

<comp id="100" class="1004" name="zext_ln15_fu_100">
<pin_list>
<pin id="101" dir="0" index="0" bw="11" slack="0"/>
<pin id="102" dir="1" index="1" bw="64" slack="0"/>
</pin_list>
<bind>
<opcode="zext(34) " fcode="zext"/>
<opset="zext_ln15/1 "/>
</bind>
</comp>

<comp id="105" class="1004" name="add_ln10_fu_105">
<pin_list>
<pin id="106" dir="0" index="0" bw="15" slack="0"/>
<pin id="107" dir="0" index="1" bw="5" slack="0"/>
<pin id="108" dir="1" index="2" bw="15" slack="0"/>
</pin_list>
<bind>
<opcode="add(8) " fcode="add"/>
<opset="add_ln10/1 "/>
</bind>
</comp>

<comp id="111" class="1004" name="store_ln10_store_fu_111">
<pin_list>
<pin id="112" dir="0" index="0" bw="15" slack="0"/>
<pin id="113" dir="0" index="1" bw="15" slack="0"/>
<pin id="114" dir="1" index="2" bw="0" slack="2147483647"/>
</pin_list>
<bind>
<opcode="store(28) " fcode="store"/>
<opset="store_ln10/1 "/>
</bind>
</comp>

<comp id="116" class="1005" name="i_reg_116">
<pin_list>
<pin id="117" dir="0" index="0" bw="15" slack="0"/>
<pin id="118" dir="1" index="1" bw="15" slack="0"/>
</pin_list>
<bind>
<opset="i "/>
</bind>
</comp>

<comp id="123" class="1005" name="tmp_reg_123">
<pin_list>
<pin id="124" dir="0" index="0" bw="1" slack="1"/>
<pin id="125" dir="1" index="1" bw="1" slack="2147483647"/>
</pin_list>
<bind>
<opset="tmp "/>
</bind>
</comp>

<comp id="127" class="1005" name="imgSrc_addr_reg_127">
<pin_list>
<pin id="128" dir="0" index="0" bw="11" slack="1"/>
<pin id="129" dir="1" index="1" bw="11" slack="1"/>
</pin_list>
<bind>
<opset="imgSrc_addr "/>
</bind>
</comp>

<comp id="132" class="1005" name="imgSrc_load_reg_132">
<pin_list>
<pin id="133" dir="0" index="0" bw="256" slack="1"/>
<pin id="134" dir="1" index="1" bw="256" slack="1"/>
</pin_list>
<bind>
<opset="imgSrc_load "/>
</bind>
</comp>

</comp_list>

<net_list>
<net id="53"><net_src comp="4" pin="0"/><net_sink comp="50" pin=0"/></net>

<net id="59"><net_src comp="48" pin="0"/><net_sink comp="54" pin=0"/></net>

<net id="60"><net_src comp="2" pin="0"/><net_sink comp="54" pin=1"/></net>

<net id="66"><net_src comp="0" pin="0"/><net_sink comp="61" pin=0"/></net>

<net id="67"><net_src comp="40" pin="0"/><net_sink comp="61" pin=1"/></net>

<net id="73"><net_src comp="61" pin="3"/><net_sink comp="68" pin=0"/></net>

<net id="78"><net_src comp="20" pin="0"/><net_sink comp="74" pin=0"/></net>

<net id="87"><net_src comp="26" pin="0"/><net_sink comp="82" pin=0"/></net>

<net id="88"><net_src comp="79" pin="1"/><net_sink comp="82" pin=1"/></net>

<net id="89"><net_src comp="28" pin="0"/><net_sink comp="82" pin=2"/></net>

<net id="96"><net_src comp="34" pin="0"/><net_sink comp="90" pin=0"/></net>

<net id="97"><net_src comp="79" pin="1"/><net_sink comp="90" pin=1"/></net>

<net id="98"><net_src comp="36" pin="0"/><net_sink comp="90" pin=2"/></net>

<net id="99"><net_src comp="38" pin="0"/><net_sink comp="90" pin=3"/></net>

<net id="103"><net_src comp="90" pin="4"/><net_sink comp="100" pin=0"/></net>

<net id="104"><net_src comp="100" pin="1"/><net_sink comp="61" pin=2"/></net>

<net id="109"><net_src comp="79" pin="1"/><net_sink comp="105" pin=0"/></net>

<net id="110"><net_src comp="42" pin="0"/><net_sink comp="105" pin=1"/></net>

<net id="115"><net_src comp="105" pin="2"/><net_sink comp="111" pin=0"/></net>

<net id="119"><net_src comp="50" pin="1"/><net_sink comp="116" pin=0"/></net>

<net id="120"><net_src comp="116" pin="1"/><net_sink comp="74" pin=1"/></net>

<net id="121"><net_src comp="116" pin="1"/><net_sink comp="79" pin=0"/></net>

<net id="122"><net_src comp="116" pin="1"/><net_sink comp="111" pin=1"/></net>

<net id="126"><net_src comp="82" pin="3"/><net_sink comp="123" pin=0"/></net>

<net id="130"><net_src comp="61" pin="3"/><net_sink comp="127" pin=0"/></net>

<net id="131"><net_src comp="127" pin="1"/><net_sink comp="68" pin=0"/></net>

<net id="135"><net_src comp="68" pin="3"/><net_sink comp="132" pin=0"/></net>

<net id="136"><net_src comp="132" pin="1"/><net_sink comp="54" pin=2"/></net>

</net_list>

</model> 
---------------- Datapath Model END ------------------

* FSMD analyzer results:
  - Output states:
	Port: imgSrc | {}
	Port: inStream | {3 }
 - Input state : 
	Port: read_input : imgSrc | {1 2 }
	Port: read_input : inStream | {}
  - Chain level:
	State 1
		store_ln10 : 1
		i_2 : 1
		tmp : 2
		br_ln10 : 3
		lshr_ln : 2
		zext_ln15 : 3
		imgSrc_addr : 4
		imgSrc_load : 5
		add_ln10 : 2
		store_ln10 : 3
	State 2
	State 3


============================================================
+ Verbose Summary: Datapath Resource usage 
============================================================

* Functional unit list:
|----------|-------------------------|---------|---------|
| Operation|     Functional Unit     |    FF   |   LUT   |
|----------|-------------------------|---------|---------|
|    add   |     add_ln10_fu_105     |    0    |    20   |
|----------|-------------------------|---------|---------|
|   write  | write_ln174_write_fu_54 |    0    |    0    |
|----------|-------------------------|---------|---------|
| bitselect|        tmp_fu_82        |    0    |    0    |
|----------|-------------------------|---------|---------|
|partselect|      lshr_ln_fu_90      |    0    |    0    |
|----------|-------------------------|---------|---------|
|   zext   |     zext_ln15_fu_100    |    0    |    0    |
|----------|-------------------------|---------|---------|
|   Total  |                         |    0    |    20   |
|----------|-------------------------|---------|---------|

Memories:
N/A

* Register list:
+-------------------+--------+
|                   |   FF   |
+-------------------+--------+
|     i_reg_116     |   15   |
|imgSrc_addr_reg_127|   11   |
|imgSrc_load_reg_132|   256  |
|    tmp_reg_123    |    1   |
+-------------------+--------+
|       Total       |   283  |
+-------------------+--------+

* Multiplexer (MUX) list: 
|------------------|------|------|------|--------||---------||---------|
|       Comp       |  Pin | Size |  BW  | S x BW ||  Delay  ||   LUT   |
|------------------|------|------|------|--------||---------||---------|
| grp_access_fu_68 |  p0  |   2  |  11  |   22   ||    9    |
|------------------|------|------|------|--------||---------||---------|
|       Total      |      |      |      |   22   ||  1.588  ||    9    |
|------------------|------|------|------|--------||---------||---------|



* Summary:
+-----------+--------+--------+--------+
|           |  Delay |   FF   |   LUT  |
+-----------+--------+--------+--------+
|  Function |    -   |    0   |   20   |
|   Memory  |    -   |    -   |    -   |
|Multiplexer|    1   |    -   |    9   |
|  Register |    -   |   283  |    -   |
+-----------+--------+--------+--------+
|   Total   |    1   |   283  |   29   |
+-----------+--------+--------+--------+
