

================================================================
== Vitis HLS Report for 'sobel'
================================================================
* Date:           Sun Nov 13 19:18:38 2022

* Version:        2022.1 (Build 3526262 on Mon Apr 18 15:48:16 MDT 2022)
* Project:        hls_harris_prj
* Solution:       solution1 (Vivado IP Flow Target)
* Product family: zynq
* Target device:  xc7z020-clg400-1


================================================================
== Performance Estimates
================================================================
+ Timing: 
    * Summary: 
    +--------+---------+----------+------------+
    |  Clock |  Target | Estimated| Uncertainty|
    +--------+---------+----------+------------+
    |ap_clk  |  6.00 ns|  4.371 ns|     1.62 ns|
    +--------+---------+----------+------------+

+ Latency: 
    * Summary: 
    +---------+---------+-----------+-----------+------+------+---------+
    |  Latency (cycles) |   Latency (absolute)  |   Interval  | Pipeline|
    |   min   |   max   |    min    |    max    |  min |  max |   Type  |
    +---------+---------+-----------+-----------+------+------+---------+
    |     2060|     2060|  12.360 us|  12.360 us|  2060|  2060|       no|
    +---------+---------+-----------+-----------+------+------+---------+

    + Detail: 
        * Instance: 
        N/A

        * Loop: 
        +-------------------------------------+---------+---------+----------+-----------+-----------+------+----------+
        |                                     |  Latency (cycles) | Iteration|  Initiation Interval  | Trip |          |
        |              Loop Name              |   min   |   max   |  Latency |  achieved |   target  | Count| Pipelined|
        +-------------------------------------+---------+---------+----------+-----------+-----------+------+----------+
        |- VITIS_LOOP_164_1_VITIS_LOOP_165_2  |     2058|     2058|        12|          1|          1|  2048|       yes|
        +-------------------------------------+---------+---------+----------+-----------+-----------+------+----------+



================================================================
== Utilization Estimates
================================================================
* Summary: 
+-----------------+---------+-----+--------+-------+-----+
|       Name      | BRAM_18K| DSP |   FF   |  LUT  | URAM|
+-----------------+---------+-----+--------+-------+-----+
|DSP              |        -|    -|       -|      -|    -|
|Expression       |        -|    -|       0|   2530|    -|
|FIFO             |        -|    -|       -|      -|    -|
|Instance         |        -|   72|    5160|     24|    -|
|Memory           |       22|    -|       0|      0|    0|
|Multiplexer      |        -|    -|       -|    127|    -|
|Register         |        -|    -|    6800|    608|    -|
+-----------------+---------+-----+--------+-------+-----+
|Total            |       22|   72|   11960|   3289|    0|
+-----------------+---------+-----+--------+-------+-----+
|Available        |      280|  220|  106400|  53200|    0|
+-----------------+---------+-----+--------+-------+-----+
|Utilization (%)  |        7|   32|      11|      6|    0|
+-----------------+---------+-----+--------+-------+-----+

+ Detail: 
    * Instance: 
    +------------------------+--------------------+---------+----+-----+----+-----+
    |        Instance        |       Module       | BRAM_18K| DSP|  FF | LUT| URAM|
    +------------------------+--------------------+---------+----+-----+----+-----+
    |mul_32s_32s_32_5_1_U5   |mul_32s_32s_32_5_1  |        0|   3|  215|   1|    0|
    |mul_32s_32s_32_5_1_U6   |mul_32s_32s_32_5_1  |        0|   3|  215|   1|    0|
    |mul_32s_32s_32_5_1_U7   |mul_32s_32s_32_5_1  |        0|   3|  215|   1|    0|
    |mul_32s_32s_32_5_1_U8   |mul_32s_32s_32_5_1  |        0|   3|  215|   1|    0|
    |mul_32s_32s_32_5_1_U9   |mul_32s_32s_32_5_1  |        0|   3|  215|   1|    0|
    |mul_32s_32s_32_5_1_U10  |mul_32s_32s_32_5_1  |        0|   3|  215|   1|    0|
    |mul_32s_32s_32_5_1_U11  |mul_32s_32s_32_5_1  |        0|   3|  215|   1|    0|
    |mul_32s_32s_32_5_1_U12  |mul_32s_32s_32_5_1  |        0|   3|  215|   1|    0|
    |mul_32s_32s_32_5_1_U13  |mul_32s_32s_32_5_1  |        0|   3|  215|   1|    0|
    |mul_32s_32s_32_5_1_U14  |mul_32s_32s_32_5_1  |        0|   3|  215|   1|    0|
    |mul_32s_32s_32_5_1_U15  |mul_32s_32s_32_5_1  |        0|   3|  215|   1|    0|
    |mul_32s_32s_32_5_1_U16  |mul_32s_32s_32_5_1  |        0|   3|  215|   1|    0|
    |mul_32s_32s_32_5_1_U17  |mul_32s_32s_32_5_1  |        0|   3|  215|   1|    0|
    |mul_32s_32s_32_5_1_U18  |mul_32s_32s_32_5_1  |        0|   3|  215|   1|    0|
    |mul_32s_32s_32_5_1_U19  |mul_32s_32s_32_5_1  |        0|   3|  215|   1|    0|
    |mul_32s_32s_32_5_1_U20  |mul_32s_32s_32_5_1  |        0|   3|  215|   1|    0|
    |mul_32s_32s_32_5_1_U21  |mul_32s_32s_32_5_1  |        0|   3|  215|   1|    0|
    |mul_32s_32s_32_5_1_U22  |mul_32s_32s_32_5_1  |        0|   3|  215|   1|    0|
    |mul_32s_32s_32_5_1_U23  |mul_32s_32s_32_5_1  |        0|   3|  215|   1|    0|
    |mul_32s_32s_32_5_1_U24  |mul_32s_32s_32_5_1  |        0|   3|  215|   1|    0|
    |mul_32s_32s_32_5_1_U25  |mul_32s_32s_32_5_1  |        0|   3|  215|   1|    0|
    |mul_32s_32s_32_5_1_U26  |mul_32s_32s_32_5_1  |        0|   3|  215|   1|    0|
    |mul_32s_32s_32_5_1_U27  |mul_32s_32s_32_5_1  |        0|   3|  215|   1|    0|
    |mul_32s_32s_32_5_1_U28  |mul_32s_32s_32_5_1  |        0|   3|  215|   1|    0|
    +------------------------+--------------------+---------+----+-----+----+-----+
    |Total                   |                    |        0|  72| 5160|  24|    0|
    +------------------------+--------------------+---------+----+-----+----+-----+

    * DSP: 
    N/A

    * Memory: 
    +-------------+-------------------------------+---------+---+----+-----+------+-----+------+-------------+
    |    Memory   |             Module            | BRAM_18K| FF| LUT| URAM| Words| Bits| Banks| W*Bits*Banks|
    +-------------+-------------------------------+---------+---+----+-----+------+-----+------+-------------+
    |rowBuffer_U  |sobel_rowBuffer_RAM_AUTO_1R1W  |       22|  0|   0|    0|    16|  768|     1|        12288|
    +-------------+-------------------------------+---------+---+----+-----+------+-----+------+-------------+
    |Total        |                               |       22|  0|   0|    0|    16|  768|     1|        12288|
    +-------------+-------------------------------+---------+---+----+-----+------+-----+------+-------------+

    * FIFO: 
    N/A

    * Expression: 
    +------------------------------------+----------+----+---+----+------------+------------+
    |            Variable Name           | Operation| DSP| FF| LUT| Bitwidth P0| Bitwidth P1|
    +------------------------------------+----------+----+---+----+------------+------------+
    |Gx_var_1_fu_968_p2                  |         +|   0|  0|  32|          32|          32|
    |Gx_var_fu_951_p2                    |         +|   0|  0|  32|          32|          32|
    |Gy_var_1_fu_1099_p2                 |         +|   0|  0|  32|          32|          32|
    |Gy_var_fu_1085_p2                   |         +|   0|  0|  32|          32|          32|
    |add_ln164_1_fu_354_p2               |         +|   0|  0|  15|           8|           1|
    |add_ln164_fu_317_p2                 |         +|   0|  0|  12|          12|           1|
    |add_ln165_fu_340_p2                 |         +|   0|  0|  13|           5|           1|
    |add_ln69_10_fu_980_p2               |         +|   0|  0|  32|          32|          32|
    |add_ln69_11_fu_997_p2               |         +|   0|  0|  32|          32|          32|
    |add_ln69_12_fu_1014_p2              |         +|   0|  0|  32|          32|          32|
    |add_ln69_13_fu_1031_p2              |         +|   0|  0|  32|          32|          32|
    |add_ln69_14_fu_1048_p2              |         +|   0|  0|  32|          32|          32|
    |add_ln69_15_fu_1065_p2              |         +|   0|  0|  32|          32|          32|
    |add_ln69_1_fu_1002_p2               |         +|   0|  0|  32|          32|          32|
    |add_ln69_2_fu_1019_p2               |         +|   0|  0|  32|          32|          32|
    |add_ln69_3_fu_1036_p2               |         +|   0|  0|  32|          32|          32|
    |add_ln69_4_fu_1053_p2               |         +|   0|  0|  32|          32|          32|
    |add_ln69_5_fu_1070_p2               |         +|   0|  0|  32|          32|          32|
    |add_ln69_6_fu_946_p2                |         +|   0|  0|  32|          32|          32|
    |add_ln69_8_fu_963_p2                |         +|   0|  0|  32|          32|          32|
    |add_ln69_fu_985_p2                  |         +|   0|  0|  32|          32|          32|
    |add_ln83_10_fu_1110_p2              |         +|   0|  0|  32|          32|          32|
    |add_ln83_11_fu_1125_p2              |         +|   0|  0|  32|          32|          32|
    |add_ln83_12_fu_1140_p2              |         +|   0|  0|  32|          32|          32|
    |add_ln83_13_fu_1155_p2              |         +|   0|  0|  32|          32|          32|
    |add_ln83_14_fu_1170_p2              |         +|   0|  0|  32|          32|          32|
    |add_ln83_1_fu_1129_p2               |         +|   0|  0|  32|          32|          32|
    |add_ln83_2_fu_1144_p2               |         +|   0|  0|  32|          32|          32|
    |add_ln83_3_fu_1159_p2               |         +|   0|  0|  32|          32|          32|
    |add_ln83_4_fu_1174_p2               |         +|   0|  0|  32|          32|          32|
    |add_ln83_5_fu_1193_p2               |         +|   0|  0|  32|          32|          32|
    |add_ln83_6_fu_1080_p2               |         +|   0|  0|  32|          32|          32|
    |add_ln83_8_fu_1095_p2               |         +|   0|  0|  32|          32|          32|
    |add_ln83_fu_1114_p2                 |         +|   0|  0|  32|          32|          32|
    |add_ln84_fu_1180_p2                 |         +|   0|  0|  39|          32|          32|
    |sub_ln68_1_fu_821_p2                |         -|   0|  0|  39|          32|          32|
    |sub_ln68_2_fu_833_p2                |         -|   0|  0|  32|          32|          32|
    |sub_ln68_3_fu_846_p2                |         -|   0|  0|  32|          32|          32|
    |sub_ln68_4_fu_859_p2                |         -|   0|  0|  32|          32|          32|
    |sub_ln68_5_fu_872_p2                |         -|   0|  0|  32|          32|          32|
    |sub_ln68_6_fu_885_p2                |         -|   0|  0|  32|          32|          32|
    |sub_ln68_7_fu_898_p2                |         -|   0|  0|  32|          32|          32|
    |sub_ln68_fu_809_p2                  |         -|   0|  0|  39|          32|          32|
    |sub_ln69_1_fu_813_p2                |         -|   0|  0|  38|          31|          31|
    |sub_ln69_2_fu_825_p2                |         -|   0|  0|  38|          31|          31|
    |sub_ln69_3_fu_838_p2                |         -|   0|  0|  38|          31|          31|
    |sub_ln69_4_fu_851_p2                |         -|   0|  0|  38|          31|          31|
    |sub_ln69_5_fu_864_p2                |         -|   0|  0|  38|          31|          31|
    |sub_ln69_6_fu_877_p2                |         -|   0|  0|  38|          31|          31|
    |sub_ln69_7_fu_890_p2                |         -|   0|  0|  38|          31|          31|
    |sub_ln69_fu_801_p2                  |         -|   0|  0|  38|          31|          31|
    |sub_ln70_1_fu_817_p2                |         -|   0|  0|  39|          32|          32|
    |sub_ln70_2_fu_829_p2                |         -|   0|  0|  32|          32|          32|
    |sub_ln70_3_fu_842_p2                |         -|   0|  0|  32|          32|          32|
    |sub_ln70_4_fu_855_p2                |         -|   0|  0|  32|          32|          32|
    |sub_ln70_5_fu_868_p2                |         -|   0|  0|  32|          32|          32|
    |sub_ln70_6_fu_881_p2                |         -|   0|  0|  32|          32|          32|
    |sub_ln70_7_fu_894_p2                |         -|   0|  0|  32|          32|          32|
    |sub_ln70_fu_805_p2                  |         -|   0|  0|  39|          32|          32|
    |sub_ln82_1_fu_1189_p2               |         -|   0|  0|  32|          32|          32|
    |sub_ln82_fu_911_p2                  |         -|   0|  0|  39|          32|          32|
    |sub_ln83_fu_903_p2                  |         -|   0|  0|  39|          32|          32|
    |sub_ln84_1_fu_915_p2                |         -|   0|  0|  39|          32|          32|
    |sub_ln84_2_fu_919_p2                |         -|   0|  0|  39|          32|          32|
    |sub_ln84_3_fu_923_p2                |         -|   0|  0|  39|          32|          32|
    |sub_ln84_4_fu_927_p2                |         -|   0|  0|  39|          32|          32|
    |sub_ln84_5_fu_931_p2                |         -|   0|  0|  39|          32|          32|
    |sub_ln84_6_fu_935_p2                |         -|   0|  0|  39|          32|          32|
    |sub_ln84_fu_907_p2                  |         -|   0|  0|  39|          32|          32|
    |ap_condition_577                    |       and|   0|  0|   2|           1|           1|
    |ap_condition_591                    |       and|   0|  0|   2|           1|           1|
    |cmp63_i_fu_1199_p2                  |      icmp|   0|  0|   9|           5|           1|
    |icmp22_fu_386_p2                    |      icmp|   0|  0|  10|           7|           1|
    |icmp_fu_370_p2                      |      icmp|   0|  0|  10|           7|           1|
    |icmp_ln164_fu_311_p2                |      icmp|   0|  0|  12|          12|          13|
    |icmp_ln165_fu_326_p2                |      icmp|   0|  0|  10|           5|           6|
    |ap_block_pp0_stage0_01001           |        or|   0|  0|   2|           1|           1|
    |ap_block_state12_pp0_stage0_iter11  |        or|   0|  0|   2|           1|           1|
    |Gxx_sroa_0_0141_i_fu_1560_p3        |    select|   0|  0|  26|           1|           1|
    |Gxy_sroa_0_0143_i_fu_1548_p3        |    select|   0|  0|  26|           1|           1|
    |Gyy_sroa_0_0142_i_fu_1554_p3        |    select|   0|  0|  26|           1|           1|
    |empty_34_fu_1615_p3                 |    select|   0|  0|  26|           1|           1|
    |empty_35_fu_1658_p3                 |    select|   0|  0|  26|           1|           1|
    |empty_fu_1578_p3                    |    select|   0|  0|  26|           1|           1|
    |select_ln157_1_fu_407_p3            |    select|   0|  0|   2|           1|           1|
    |select_ln157_fu_332_p3              |    select|   0|  0|   5|           1|           1|
    |select_ln164_fu_392_p3              |    select|   0|  0|   8|           1|           8|
    |ap_enable_pp0                       |       xor|   0|  0|   2|           1|           2|
    +------------------------------------+----------+----+---+----+------------+------------+
    |Total                               |          |   0|  0|2530|        2179|        2151|
    +------------------------------------+----------+----+---+----+------------+------------+

    * Multiplexer: 
    +--------------------------------------+----+-----------+-----+-----------+
    |                 Name                 | LUT| Input Size| Bits| Total Bits|
    +--------------------------------------+----+-----------+-----+-----------+
    |GxxStream_blk_n                       |   9|          2|    1|          2|
    |GxyStream_blk_n                       |   9|          2|    1|          2|
    |GyyStream_blk_n                       |   9|          2|    1|          2|
    |ap_done_int                           |   9|          2|    1|          2|
    |ap_enable_reg_pp0_iter1               |   9|          2|    1|          2|
    |ap_sig_allocacmp_i_load               |  14|          3|    8|         24|
    |ap_sig_allocacmp_indvar_flatten_load  |   9|          2|   12|         24|
    |ap_sig_allocacmp_j_load               |  14|          3|    5|         15|
    |i_fu_234                              |   9|          2|    8|         16|
    |inStream_blk_n                        |   9|          2|    1|          2|
    |indvar_flatten_fu_238                 |   9|          2|   12|         24|
    |j_fu_230                              |   9|          2|    5|         10|
    |real_start                            |   9|          2|    1|          2|
    +--------------------------------------+----+-----------+-----+-----------+
    |Total                                 | 127|         28|   57|        127|
    +--------------------------------------+----+-----------+-----+-----------+

    * Register: 
    +---------------------------------------+------+----+------+-----------+
    |                  Name                 |  FF  | LUT| Bits | Const Bits|
    +---------------------------------------+------+----+------+-----------+
    |Gx_var_1_reg_2153                      |    32|   0|    32|          0|
    |Gx_var_reg_2146                        |    32|   0|    32|          0|
    |Gxy_var_reg_2283                       |    26|   0|    26|          0|
    |Gy_var_1_reg_2209                      |    32|   0|    32|          0|
    |Gy_var_reg_2202                        |    32|   0|    32|          0|
    |add_ln165_reg_1769                     |     5|   0|     5|          0|
    |add_ln69_1_reg_2167                    |    32|   0|    32|          0|
    |add_ln69_2_reg_2174                    |    32|   0|    32|          0|
    |add_ln69_3_reg_2181                    |    32|   0|    32|          0|
    |add_ln69_4_reg_2188                    |    32|   0|    32|          0|
    |add_ln69_5_reg_2195                    |    32|   0|    32|          0|
    |add_ln69_reg_2160                      |    32|   0|    32|          0|
    |add_ln83_1_reg_2223                    |    32|   0|    32|          0|
    |add_ln83_2_reg_2230                    |    32|   0|    32|          0|
    |add_ln83_3_reg_2237                    |    32|   0|    32|          0|
    |add_ln83_4_reg_2244                    |    32|   0|    32|          0|
    |add_ln83_5_reg_2256                    |    32|   0|    32|          0|
    |add_ln83_reg_2216                      |    32|   0|    32|          0|
    |add_ln84_reg_2251                      |    32|   0|    32|          0|
    |ap_CS_fsm                              |     1|   0|     1|          0|
    |ap_done_reg                            |     1|   0|     1|          0|
    |ap_enable_reg_pp0_iter1                |     1|   0|     1|          0|
    |ap_enable_reg_pp0_iter10               |     1|   0|     1|          0|
    |ap_enable_reg_pp0_iter11               |     1|   0|     1|          0|
    |ap_enable_reg_pp0_iter2                |     1|   0|     1|          0|
    |ap_enable_reg_pp0_iter3                |     1|   0|     1|          0|
    |ap_enable_reg_pp0_iter4                |     1|   0|     1|          0|
    |ap_enable_reg_pp0_iter5                |     1|   0|     1|          0|
    |ap_enable_reg_pp0_iter6                |     1|   0|     1|          0|
    |ap_enable_reg_pp0_iter7                |     1|   0|     1|          0|
    |ap_enable_reg_pp0_iter8                |     1|   0|     1|          0|
    |ap_enable_reg_pp0_iter9                |     1|   0|     1|          0|
    |ap_loop_exit_ready_pp0_iter10_reg      |     1|   0|     1|          0|
    |ap_loop_exit_ready_pp0_iter1_reg       |     1|   0|     1|          0|
    |ap_loop_exit_ready_pp0_iter2_reg       |     1|   0|     1|          0|
    |ap_loop_exit_ready_pp0_iter3_reg       |     1|   0|     1|          0|
    |ap_loop_exit_ready_pp0_iter4_reg       |     1|   0|     1|          0|
    |ap_loop_exit_ready_pp0_iter5_reg       |     1|   0|     1|          0|
    |ap_loop_exit_ready_pp0_iter6_reg       |     1|   0|     1|          0|
    |ap_loop_exit_ready_pp0_iter7_reg       |     1|   0|     1|          0|
    |ap_loop_exit_ready_pp0_iter8_reg       |     1|   0|     1|          0|
    |ap_loop_exit_ready_pp0_iter9_reg       |     1|   0|     1|          0|
    |ap_loop_init_pp0_iter1_reg             |     1|   0|     1|          0|
    |cmp63_i_reg_2263                       |     1|   0|     1|          0|
    |i_fu_234                               |     8|   0|     8|          0|
    |icmp22_reg_1779                        |     1|   0|     1|          0|
    |icmp_ln165_reg_1757                    |     1|   0|     1|          0|
    |icmp_ln165_reg_1757_pp0_iter1_reg      |     1|   0|     1|          0|
    |icmp_reg_1774                          |     1|   0|     1|          0|
    |indvar_flatten_fu_238                  |    12|   0|    12|          0|
    |j_fu_230                               |     5|   0|     5|          0|
    |obj_var_1_reg_1811                     |    32|   0|    32|          0|
    |obj_var_reg_1804                       |    32|   0|    32|          0|
    |rowBuffer_addr_reg_1789                |     4|   0|     4|          0|
    |rowBuffer_addr_reg_1789_pp0_iter2_reg  |     4|   0|     4|          0|
    |select_ln157_1_reg_1795                |     1|   0|     1|          0|
    |select_ln157_reg_1763                  |     5|   0|     5|          0|
    |select_ln164_reg_1784                  |     8|   0|     8|          0|
    |start_once_reg                         |     1|   0|     1|          0|
    |sub_ln68_1_reg_2022                    |    32|   0|    32|          0|
    |sub_ln68_2_reg_2032                    |    32|   0|    32|          0|
    |sub_ln68_3_reg_2042                    |    32|   0|    32|          0|
    |sub_ln68_4_reg_2052                    |    32|   0|    32|          0|
    |sub_ln68_5_reg_2062                    |    32|   0|    32|          0|
    |sub_ln68_6_reg_2072                    |    32|   0|    32|          0|
    |sub_ln68_7_reg_2082                    |    32|   0|    32|          0|
    |sub_ln68_reg_2007                      |    32|   0|    32|          0|
    |sub_ln69_1_reg_2012                    |    31|   0|    31|          0|
    |sub_ln69_2_reg_2027                    |    31|   0|    31|          0|
    |sub_ln69_3_reg_2037                    |    31|   0|    31|          0|
    |sub_ln69_4_reg_2047                    |    31|   0|    31|          0|
    |sub_ln69_5_reg_2057                    |    31|   0|    31|          0|
    |sub_ln69_6_reg_2067                    |    31|   0|    31|          0|
    |sub_ln69_7_reg_2077                    |    31|   0|    31|          0|
    |sub_ln69_reg_1997                      |    31|   0|    31|          0|
    |sub_ln70_1_reg_2017                    |    32|   0|    32|          0|
    |sub_ln70_reg_2002                      |    32|   0|    32|          0|
    |sub_ln82_reg_2100                      |    32|   0|    32|          0|
    |sub_ln83_reg_2087                      |    32|   0|    32|          0|
    |sub_ln84_1_reg_2105                    |    32|   0|    32|          0|
    |sub_ln84_2_reg_2112                    |    32|   0|    32|          0|
    |sub_ln84_3_reg_2119                    |    32|   0|    32|          0|
    |sub_ln84_4_reg_2126                    |    32|   0|    32|          0|
    |sub_ln84_5_reg_2133                    |    32|   0|    32|          0|
    |sub_ln84_6_reg_2140                    |    32|   0|    32|          0|
    |sub_ln84_6_reg_2140_pp0_iter4_reg      |    32|   0|    32|          0|
    |sub_ln84_reg_2093                      |    32|   0|    32|          0|
    |tmp_10_i_reg_1884                      |    32|   0|    32|          0|
    |tmp_10_i_reg_1884_pp0_iter3_reg        |    32|   0|    32|          0|
    |tmp_12_i_reg_1897                      |    32|   0|    32|          0|
    |tmp_12_i_reg_1897_pp0_iter3_reg        |    32|   0|    32|          0|
    |tmp_14_i_reg_1910                      |    32|   0|    32|          0|
    |tmp_14_i_reg_1910_pp0_iter3_reg        |    32|   0|    32|          0|
    |tmp_16_i_reg_1923                      |    32|   0|    32|          0|
    |tmp_16_i_reg_1923_pp0_iter3_reg        |    32|   0|    32|          0|
    |tmp_18_i_reg_1936                      |    32|   0|    32|          0|
    |tmp_18_i_reg_1936_pp0_iter3_reg        |    32|   0|    32|          0|
    |tmp_1_i_reg_1839                       |    32|   0|    32|          0|
    |tmp_20_i_reg_1947                      |    32|   0|    32|          0|
    |tmp_24_i_reg_1958                      |   512|   0|   512|          0|
    |tmp_25_i_reg_1963                      |    32|   0|    32|          0|
    |tmp_26_i_reg_1969                      |    32|   0|    32|          0|
    |tmp_29_i_reg_1985                      |    32|   0|    32|          0|
    |tmp_2_i_reg_1846                       |    32|   0|    32|          0|
    |tmp_30_i_reg_1991                      |    32|   0|    32|          0|
    |tmp_3_i_reg_1852                       |    32|   0|    32|          0|
    |tmp_3_i_reg_1852_pp0_iter3_reg         |    32|   0|    32|          0|
    |tmp_3_reg_1799                         |   256|   0|   256|          0|
    |tmp_4_i_reg_1858                       |    32|   0|    32|          0|
    |tmp_4_reg_2313                         |    26|   0|    26|          0|
    |tmp_5_reg_2348                         |    26|   0|    26|          0|
    |tmp_6_i_reg_1871                       |    32|   0|    32|          0|
    |tmp_7_reg_2353                         |    26|   0|    26|          0|
    |tmp_8_i_reg_1818                       |    32|   0|    32|          0|
    |tmp_8_reg_2383                         |     1|   0|     1|          0|
    |tmp_9_i_reg_1825                       |    32|   0|    32|          0|
    |tmp_9_reg_2393                         |    26|   0|    26|          0|
    |tmp_i_reg_1832                         |    32|   0|    32|          0|
    |tmp_s_reg_2388                         |    25|   0|    25|          0|
    |trunc_ln156_1_reg_2278                 |    26|   0|    26|          0|
    |trunc_ln173_1_reg_1891                 |    31|   0|    31|          0|
    |trunc_ln173_2_reg_1904                 |    31|   0|    31|          0|
    |trunc_ln173_3_reg_1917                 |    31|   0|    31|          0|
    |trunc_ln173_4_reg_1930                 |    31|   0|    31|          0|
    |trunc_ln173_5_reg_1942                 |    31|   0|    31|          0|
    |trunc_ln173_s_reg_1878                 |    31|   0|    31|          0|
    |trunc_ln174_1_reg_2323                 |    26|   0|    26|          0|
    |trunc_ln174_2_reg_2328                 |    26|   0|    26|          0|
    |trunc_ln174_3_reg_2333                 |    26|   0|    26|          0|
    |trunc_ln174_4_reg_2338                 |    26|   0|    26|          0|
    |trunc_ln174_5_reg_2343                 |    26|   0|    26|          0|
    |trunc_ln174_6_reg_2378                 |    26|   0|    26|          0|
    |trunc_ln174_7_reg_2358                 |    26|   0|    26|          0|
    |trunc_ln174_8_reg_2363                 |    26|   0|    26|          0|
    |trunc_ln174_9_reg_2368                 |    26|   0|    26|          0|
    |trunc_ln174_s_reg_2373                 |    26|   0|    26|          0|
    |trunc_ln1_reg_1953                     |    31|   0|    31|          0|
    |trunc_ln206_1_reg_2293                 |    26|   0|    26|          0|
    |trunc_ln206_2_reg_2298                 |    26|   0|    26|          0|
    |trunc_ln206_3_reg_2303                 |    26|   0|    26|          0|
    |trunc_ln206_5_reg_2308                 |    26|   0|    26|          0|
    |trunc_ln2_reg_1975                     |    31|   0|    31|          0|
    |trunc_ln3_reg_2273                     |    26|   0|    26|          0|
    |trunc_ln4_reg_2288                     |    26|   0|    26|          0|
    |trunc_ln54_s_reg_1980                  |    31|   0|    31|          0|
    |trunc_ln5_reg_2318                     |    26|   0|    26|          0|
    |trunc_ln_reg_1865                      |    31|   0|    31|          0|
    |windowBuffer_fu_242                    |  1536|   0|  1536|          0|
    |Gx_var_1_reg_2153                      |    64|  32|    32|          0|
    |Gx_var_reg_2146                        |    64|  32|    32|          0|
    |Gy_var_1_reg_2209                      |    64|  32|    32|          0|
    |Gy_var_reg_2202                        |    64|  32|    32|          0|
    |add_ln69_1_reg_2167                    |    64|  32|    32|          0|
    |add_ln69_2_reg_2174                    |    64|  32|    32|          0|
    |add_ln69_3_reg_2181                    |    64|  32|    32|          0|
    |add_ln69_4_reg_2188                    |    64|  32|    32|          0|
    |add_ln69_5_reg_2195                    |    64|  32|    32|          0|
    |add_ln69_reg_2160                      |    64|  32|    32|          0|
    |add_ln83_1_reg_2223                    |    64|  32|    32|          0|
    |add_ln83_2_reg_2230                    |    64|  32|    32|          0|
    |add_ln83_3_reg_2237                    |    64|  32|    32|          0|
    |add_ln83_4_reg_2244                    |    64|  32|    32|          0|
    |add_ln83_reg_2216                      |    64|  32|    32|          0|
    |cmp63_i_reg_2263                       |    64|  32|     1|          0|
    |select_ln157_1_reg_1795                |    64|  32|     1|          0|
    |select_ln157_reg_1763                  |    64|  32|     5|          0|
    |tmp_20_i_reg_1947                      |    64|  32|    32|          0|
    +---------------------------------------+------+----+------+-----------+
    |Total                                  |  6800| 608|  6103|          0|
    +---------------------------------------+------+----+------+-----------+



================================================================
== Interface
================================================================
* Summary: 
+--------------------------+-----+-----+--------------+--------------+--------------+
|         RTL Ports        | Dir | Bits|   Protocol   | Source Object|    C Type    |
+--------------------------+-----+-----+--------------+--------------+--------------+
|ap_clk                    |   in|    1|  ap_ctrl_none|         sobel|  return value|
|ap_rst                    |   in|    1|  ap_ctrl_none|         sobel|  return value|
|ap_start                  |   in|    1|  ap_ctrl_none|         sobel|  return value|
|start_full_n              |   in|    1|  ap_ctrl_none|         sobel|  return value|
|ap_done                   |  out|    1|  ap_ctrl_none|         sobel|  return value|
|ap_continue               |   in|    1|  ap_ctrl_none|         sobel|  return value|
|ap_idle                   |  out|    1|  ap_ctrl_none|         sobel|  return value|
|ap_ready                  |  out|    1|  ap_ctrl_none|         sobel|  return value|
|start_out                 |  out|    1|  ap_ctrl_none|         sobel|  return value|
|start_write               |  out|    1|  ap_ctrl_none|         sobel|  return value|
|inStream_dout             |   in|  256|       ap_fifo|      inStream|       pointer|
|inStream_num_data_valid   |   in|    5|       ap_fifo|      inStream|       pointer|
|inStream_fifo_cap         |   in|    5|       ap_fifo|      inStream|       pointer|
|inStream_empty_n          |   in|    1|       ap_fifo|      inStream|       pointer|
|inStream_read             |  out|    1|       ap_fifo|      inStream|       pointer|
|GxxStream_din             |  out|  256|       ap_fifo|     GxxStream|       pointer|
|GxxStream_num_data_valid  |   in|    5|       ap_fifo|     GxxStream|       pointer|
|GxxStream_fifo_cap        |   in|    5|       ap_fifo|     GxxStream|       pointer|
|GxxStream_full_n          |   in|    1|       ap_fifo|     GxxStream|       pointer|
|GxxStream_write           |  out|    1|       ap_fifo|     GxxStream|       pointer|
|GyyStream_din             |  out|  256|       ap_fifo|     GyyStream|       pointer|
|GyyStream_num_data_valid  |   in|    5|       ap_fifo|     GyyStream|       pointer|
|GyyStream_fifo_cap        |   in|    5|       ap_fifo|     GyyStream|       pointer|
|GyyStream_full_n          |   in|    1|       ap_fifo|     GyyStream|       pointer|
|GyyStream_write           |  out|    1|       ap_fifo|     GyyStream|       pointer|
|GxyStream_din             |  out|  256|       ap_fifo|     GxyStream|       pointer|
|GxyStream_num_data_valid  |   in|    5|       ap_fifo|     GxyStream|       pointer|
|GxyStream_fifo_cap        |   in|    5|       ap_fifo|     GxyStream|       pointer|
|GxyStream_full_n          |   in|    1|       ap_fifo|     GxyStream|       pointer|
|GxyStream_write           |  out|    1|       ap_fifo|     GxyStream|       pointer|
+--------------------------+-----+-----+--------------+--------------+--------------+

